2021-05-01 11:07:20.270 INFO  com.easyArch.Application Line:50  - Starting Application on zmq-OMEN-Laptop-15-en0xxx with PID 6462 (/home/zmq/javaWork/Active/opt4_63394/shopwork2/target/classes started by zmq in /home/zmq/javaWork/Active/opt4_63394/shopwork2)
2021-05-01 11:07:20.275 INFO  com.easyArch.Application Line:675 - No active profile set, falling back to default profiles: default
2021-05-01 11:07:20.862 INFO  org.springframework.data.repository.config.RepositoryConfigurationDelegate Line:244 - Multiple Spring Data modules found, entering strict repository configuration mode!
2021-05-01 11:07:20.865 INFO  org.springframework.data.repository.config.RepositoryConfigurationDelegate Line:126 - Bootstrapping Spring Data repositories in DEFAULT mode.
2021-05-01 11:07:20.893 INFO  org.springframework.data.repository.config.RepositoryConfigurationDelegate Line:182 - Finished Spring Data repository scanning in 13ms. Found 0 repository interfaces.
2021-05-01 11:07:21.188 INFO  org.springframework.context.support.PostProcessorRegistrationDelegate$BeanPostProcessorChecker Line:330 - Bean 'org.springframework.transaction.annotation.ProxyTransactionManagementConfiguration' of type [org.springframework.transaction.annotation.ProxyTransactionManagementConfiguration$$EnhancerBySpringCGLIB$$b3c82822] is not eligible for getting processed by all BeanPostProcessors (for example: not eligible for auto-proxying)
2021-05-01 11:07:21.400 INFO  org.springframework.boot.web.embedded.tomcat.TomcatWebServer Line:90  - Tomcat initialized with port(s): 63394 (http)
2021-05-01 11:07:21.418 INFO  org.apache.catalina.core.StandardService Line:173 - Starting service [Tomcat]
2021-05-01 11:07:21.418 INFO  org.apache.catalina.core.StandardEngine Line:173 - Starting Servlet engine: [Apache Tomcat/9.0.19]
2021-05-01 11:07:21.482 INFO  org.apache.catalina.core.ContainerBase.[Tomcat].[localhost].[/] Line:173 - Initializing Spring embedded WebApplicationContext
2021-05-01 11:07:21.482 INFO  org.springframework.web.context.ContextLoader Line:296 - Root WebApplicationContext: initialization completed in 1163 ms
2021-05-01 11:07:22.591 INFO  org.springframework.boot.web.embedded.tomcat.TomcatWebServer Line:204 - Tomcat started on port(s): 63394 (http) with context path ''
2021-05-01 11:07:22.596 INFO  com.easyArch.Application Line:59  - Started Application in 2.79 seconds (JVM running for 3.253)
2021-05-01 11:07:22.598 INFO  com.easyArch.net.Server Line:21  - init server 服务器,端口号为:7000
2021-05-01 11:07:22.650 INFO  com.easyArch.net.Server Line:35  - 服务器启动
2021-05-01 11:07:33.660 INFO  com.easyArch.net.Server Line:49  - >>>>>>>>>>> WebServer destroy success.
2021-05-01 11:21:49.087 INFO  com.easyArch.Application Line:50  - Starting Application on zmq-OMEN-Laptop-15-en0xxx with PID 7000 (/home/zmq/javaWork/Active/opt4_63394/shopwork2/target/classes started by zmq in /home/zmq/javaWork/Active/opt4_63394/shopwork2)
2021-05-01 11:21:49.090 INFO  com.easyArch.Application Line:675 - No active profile set, falling back to default profiles: default
2021-05-01 11:21:49.682 INFO  org.springframework.data.repository.config.RepositoryConfigurationDelegate Line:244 - Multiple Spring Data modules found, entering strict repository configuration mode!
2021-05-01 11:21:49.684 INFO  org.springframework.data.repository.config.RepositoryConfigurationDelegate Line:126 - Bootstrapping Spring Data repositories in DEFAULT mode.
2021-05-01 11:21:49.706 INFO  org.springframework.data.repository.config.RepositoryConfigurationDelegate Line:182 - Finished Spring Data repository scanning in 10ms. Found 0 repository interfaces.
2021-05-01 11:21:49.993 INFO  org.springframework.context.support.PostProcessorRegistrationDelegate$BeanPostProcessorChecker Line:330 - Bean 'org.springframework.transaction.annotation.ProxyTransactionManagementConfiguration' of type [org.springframework.transaction.annotation.ProxyTransactionManagementConfiguration$$EnhancerBySpringCGLIB$$1a640de6] is not eligible for getting processed by all BeanPostProcessors (for example: not eligible for auto-proxying)
2021-05-01 11:21:50.235 INFO  org.springframework.boot.web.embedded.tomcat.TomcatWebServer Line:90  - Tomcat initialized with port(s): 63394 (http)
2021-05-01 11:21:50.261 INFO  org.apache.catalina.core.StandardService Line:173 - Starting service [Tomcat]
2021-05-01 11:21:50.261 INFO  org.apache.catalina.core.StandardEngine Line:173 - Starting Servlet engine: [Apache Tomcat/9.0.19]
2021-05-01 11:21:50.351 INFO  org.apache.catalina.core.ContainerBase.[Tomcat].[localhost].[/] Line:173 - Initializing Spring embedded WebApplicationContext
2021-05-01 11:21:50.351 INFO  org.springframework.web.context.ContextLoader Line:296 - Root WebApplicationContext: initialization completed in 1213 ms
2021-05-01 11:21:51.294 INFO  org.springframework.boot.web.embedded.tomcat.TomcatWebServer Line:204 - Tomcat started on port(s): 63394 (http) with context path ''
2021-05-01 11:21:51.297 INFO  com.easyArch.Application Line:59  - Started Application in 2.597 seconds (JVM running for 3.031)
2021-05-01 11:21:51.299 INFO  com.easyArch.net.Server Line:21  - init server 服务器,端口号为:7001
2021-05-01 11:21:51.346 INFO  com.easyArch.net.Server Line:35  - 服务器启动
2021-05-01 11:21:54.402 INFO  com.easyArch.net.Server Line:49  - >>>>>>>>>>> WebServer destroy success.
